{"/home/fakhranakbar/Fase3/Warung-Q/warung-q-server/app.js": {"path":"/home/fakhranakbar/Fase3/Warung-Q/warung-q-server/app.js","statementMap":{"0":{"start":{"line":1,"column":0},"end":{"line":3,"column":1}},"1":{"start":{"line":2,"column":2},"end":{"line":2,"column":28}},"2":{"start":{"line":4,"column":16},"end":{"line":4,"column":34}},"3":{"start":{"line":5,"column":12},"end":{"line":5,"column":21}},"4":{"start":{"line":6,"column":13},"end":{"line":6,"column":28}},"5":{"start":{"line":7,"column":15},"end":{"line":7,"column":34}},"6":{"start":{"line":8,"column":21},"end":{"line":8,"column":58}},"7":{"start":{"line":9,"column":0},"end":{"line":9,"column":48}},"8":{"start":{"line":10,"column":0},"end":{"line":10,"column":23}},"9":{"start":{"line":11,"column":0},"end":{"line":11,"column":15}},"10":{"start":{"line":13,"column":0},"end":{"line":13,"column":20}},"11":{"start":{"line":15,"column":0},"end":{"line":15,"column":21}},"12":{"start":{"line":17,"column":0},"end":{"line":17,"column":20}}},"fnMap":{},"branchMap":{"0":{"loc":{"start":{"line":1,"column":0},"end":{"line":3,"column":1}},"type":"if","locations":[{"start":{"line":1,"column":0},"end":{"line":3,"column":1}},{"start":{"line":1,"column":0},"end":{"line":3,"column":1}}],"line":1},"1":{"loc":{"start":{"line":1,"column":4},"end":{"line":1,"column":77}},"type":"binary-expr","locations":[{"start":{"line":1,"column":4},"end":{"line":1,"column":42}},{"start":{"line":1,"column":46},"end":{"line":1,"column":77}}],"line":1}},"s":{"0":4,"1":4,"2":4,"3":4,"4":4,"5":4,"6":4,"7":4,"8":4,"9":4,"10":4,"11":4,"12":4},"f":{},"b":{"0":[4,0],"1":[4,4]},"_coverageSchema":"1a1c01bbd47fc00a2c39e90264f33305004495a9","hash":"26ddf87e215d8495d580c87f9e5fb70f5ea9a0e2"}
,"/home/fakhranakbar/Fase3/Warung-Q/warung-q-server/controllers/ManagerController.js": {"path":"/home/fakhranakbar/Fase3/Warung-Q/warung-q-server/controllers/ManagerController.js","statementMap":{"0":{"start":{"line":1,"column":20},"end":{"line":1,"column":40}},"1":{"start":{"line":2,"column":12},"end":{"line":2,"column":35}},"2":{"start":{"line":3,"column":20},"end":{"line":3,"column":42}},"3":{"start":{"line":4,"column":15},"end":{"line":4,"column":43}},"4":{"start":{"line":8,"column":4},"end":{"line":19,"column":8}},"5":{"start":{"line":14,"column":8},"end":{"line":14,"column":34}},"6":{"start":{"line":18,"column":8},"end":{"line":18,"column":17}},"7":{"start":{"line":23,"column":4},"end":{"line":62,"column":8}},"8":{"start":{"line":29,"column":8},"end":{"line":58,"column":9}},"9":{"start":{"line":30,"column":30},"end":{"line":30,"column":76}},"10":{"start":{"line":31,"column":10},"end":{"line":52,"column":11}},"11":{"start":{"line":32,"column":26},"end":{"line":35,"column":13}},"12":{"start":{"line":36,"column":31},"end":{"line":41,"column":13}},"13":{"start":{"line":43,"column":12},"end":{"line":46,"column":14}},"14":{"start":{"line":48,"column":12},"end":{"line":51,"column":14}},"15":{"start":{"line":54,"column":10},"end":{"line":57,"column":12}},"16":{"start":{"line":61,"column":8},"end":{"line":61,"column":17}},"17":{"start":{"line":66,"column":0},"end":{"line":66,"column":32}}},"fnMap":{"0":{"name":"(anonymous_0)","decl":{"start":{"line":7,"column":2},"end":{"line":7,"column":3}},"loc":{"start":{"line":7,"column":34},"end":{"line":20,"column":3}},"line":7},"1":{"name":"(anonymous_1)","decl":{"start":{"line":13,"column":12},"end":{"line":13,"column":13}},"loc":{"start":{"line":13,"column":20},"end":{"line":15,"column":7}},"line":13},"2":{"name":"(anonymous_2)","decl":{"start":{"line":16,"column":13},"end":{"line":16,"column":14}},"loc":{"start":{"line":16,"column":20},"end":{"line":19,"column":7}},"line":16},"3":{"name":"(anonymous_3)","decl":{"start":{"line":22,"column":2},"end":{"line":22,"column":3}},"loc":{"start":{"line":22,"column":31},"end":{"line":63,"column":3}},"line":22},"4":{"name":"(anonymous_4)","decl":{"start":{"line":28,"column":12},"end":{"line":28,"column":13}},"loc":{"start":{"line":28,"column":20},"end":{"line":59,"column":7}},"line":28},"5":{"name":"(anonymous_5)","decl":{"start":{"line":60,"column":13},"end":{"line":60,"column":14}},"loc":{"start":{"line":60,"column":20},"end":{"line":62,"column":7}},"line":60}},"branchMap":{"0":{"loc":{"start":{"line":29,"column":8},"end":{"line":58,"column":9}},"type":"if","locations":[{"start":{"line":29,"column":8},"end":{"line":58,"column":9}},{"start":{"line":29,"column":8},"end":{"line":58,"column":9}}],"line":29},"1":{"loc":{"start":{"line":31,"column":10},"end":{"line":52,"column":11}},"type":"if","locations":[{"start":{"line":31,"column":10},"end":{"line":52,"column":11}},{"start":{"line":31,"column":10},"end":{"line":52,"column":11}}],"line":31}},"s":{"0":4,"1":4,"2":4,"3":4,"4":3,"5":1,"6":2,"7":2,"8":2,"9":1,"10":1,"11":1,"12":1,"13":1,"14":0,"15":1,"16":0,"17":4},"f":{"0":3,"1":1,"2":2,"3":2,"4":2,"5":0},"b":{"0":[1,1],"1":[1,0]},"_coverageSchema":"1a1c01bbd47fc00a2c39e90264f33305004495a9","hash":"c62d2a69fe3f83b558c8c1a6b35ca0668c26caf1"}
,"/home/fakhranakbar/Fase3/Warung-Q/warung-q-server/controllers/OwnerController.js": {"path":"/home/fakhranakbar/Fase3/Warung-Q/warung-q-server/controllers/OwnerController.js","statementMap":{"0":{"start":{"line":1,"column":18},"end":{"line":1,"column":38}},"1":{"start":{"line":2,"column":12},"end":{"line":2,"column":35}},"2":{"start":{"line":3,"column":20},"end":{"line":3,"column":42}},"3":{"start":{"line":4,"column":15},"end":{"line":4,"column":43}},"4":{"start":{"line":8,"column":4},"end":{"line":19,"column":8}},"5":{"start":{"line":14,"column":8},"end":{"line":14,"column":34}},"6":{"start":{"line":18,"column":8},"end":{"line":18,"column":17}},"7":{"start":{"line":23,"column":4},"end":{"line":66,"column":8}},"8":{"start":{"line":29,"column":8},"end":{"line":58,"column":9}},"9":{"start":{"line":30,"column":30},"end":{"line":30,"column":76}},"10":{"start":{"line":31,"column":10},"end":{"line":52,"column":11}},"11":{"start":{"line":32,"column":26},"end":{"line":35,"column":13}},"12":{"start":{"line":36,"column":31},"end":{"line":41,"column":13}},"13":{"start":{"line":43,"column":12},"end":{"line":46,"column":14}},"14":{"start":{"line":48,"column":12},"end":{"line":51,"column":14}},"15":{"start":{"line":54,"column":10},"end":{"line":57,"column":12}},"16":{"start":{"line":61,"column":8},"end":{"line":61,"column":24}},"17":{"start":{"line":62,"column":8},"end":{"line":65,"column":10}},"18":{"start":{"line":70,"column":0},"end":{"line":70,"column":32}}},"fnMap":{"0":{"name":"(anonymous_0)","decl":{"start":{"line":7,"column":2},"end":{"line":7,"column":3}},"loc":{"start":{"line":7,"column":34},"end":{"line":20,"column":3}},"line":7},"1":{"name":"(anonymous_1)","decl":{"start":{"line":13,"column":12},"end":{"line":13,"column":13}},"loc":{"start":{"line":13,"column":20},"end":{"line":15,"column":7}},"line":13},"2":{"name":"(anonymous_2)","decl":{"start":{"line":16,"column":13},"end":{"line":16,"column":14}},"loc":{"start":{"line":16,"column":20},"end":{"line":19,"column":7}},"line":16},"3":{"name":"(anonymous_3)","decl":{"start":{"line":22,"column":2},"end":{"line":22,"column":3}},"loc":{"start":{"line":22,"column":31},"end":{"line":67,"column":3}},"line":22},"4":{"name":"(anonymous_4)","decl":{"start":{"line":28,"column":12},"end":{"line":28,"column":13}},"loc":{"start":{"line":28,"column":20},"end":{"line":59,"column":7}},"line":28},"5":{"name":"(anonymous_5)","decl":{"start":{"line":60,"column":13},"end":{"line":60,"column":14}},"loc":{"start":{"line":60,"column":20},"end":{"line":66,"column":7}},"line":60}},"branchMap":{"0":{"loc":{"start":{"line":29,"column":8},"end":{"line":58,"column":9}},"type":"if","locations":[{"start":{"line":29,"column":8},"end":{"line":58,"column":9}},{"start":{"line":29,"column":8},"end":{"line":58,"column":9}}],"line":29},"1":{"loc":{"start":{"line":31,"column":10},"end":{"line":52,"column":11}},"type":"if","locations":[{"start":{"line":31,"column":10},"end":{"line":52,"column":11}},{"start":{"line":31,"column":10},"end":{"line":52,"column":11}}],"line":31}},"s":{"0":4,"1":4,"2":4,"3":4,"4":5,"5":1,"6":4,"7":2,"8":2,"9":1,"10":1,"11":1,"12":1,"13":1,"14":0,"15":1,"16":0,"17":0,"18":4},"f":{"0":5,"1":1,"2":4,"3":2,"4":2,"5":0},"b":{"0":[1,1],"1":[1,0]},"_coverageSchema":"1a1c01bbd47fc00a2c39e90264f33305004495a9","hash":"3c4978db2097ddd2f913b76b68c329401761dc96"}
,"/home/fakhranakbar/Fase3/Warung-Q/warung-q-server/controllers/ProductController.js": {"path":"/home/fakhranakbar/Fase3/Warung-Q/warung-q-server/controllers/ProductController.js","statementMap":{"0":{"start":{"line":1,"column":20},"end":{"line":1,"column":40}},"1":{"start":{"line":5,"column":19},"end":{"line":5,"column":20}},"2":{"start":{"line":6,"column":4},"end":{"line":12,"column":8}},"3":{"start":{"line":8,"column":8},"end":{"line":8,"column":52}},"4":{"start":{"line":11,"column":8},"end":{"line":11,"column":17}},"5":{"start":{"line":16,"column":21},"end":{"line":16,"column":22}},"6":{"start":{"line":17,"column":70},"end":{"line":17,"column":78}},"7":{"start":{"line":18,"column":4},"end":{"line":34,"column":8}},"8":{"start":{"line":28,"column":8},"end":{"line":30,"column":71}},"9":{"start":{"line":33,"column":8},"end":{"line":33,"column":17}},"10":{"start":{"line":38,"column":15},"end":{"line":38,"column":29}},"11":{"start":{"line":39,"column":21},"end":{"line":39,"column":22}},"12":{"start":{"line":40,"column":14},"end":{"line":40,"column":38}},"13":{"start":{"line":41,"column":70},"end":{"line":41,"column":78}},"14":{"start":{"line":42,"column":4},"end":{"line":67,"column":8}},"15":{"start":{"line":47,"column":8},"end":{"line":49,"column":9}},"16":{"start":{"line":48,"column":10},"end":{"line":48,"column":39}},"17":{"start":{"line":50,"column":19},"end":{"line":58,"column":9}},"18":{"start":{"line":59,"column":8},"end":{"line":63,"column":10}},"19":{"start":{"line":66,"column":8},"end":{"line":66,"column":17}},"20":{"start":{"line":71,"column":15},"end":{"line":71,"column":29}},"21":{"start":{"line":72,"column":14},"end":{"line":72,"column":38}},"22":{"start":{"line":73,"column":22},"end":{"line":73,"column":30}},"23":{"start":{"line":74,"column":4},"end":{"line":83,"column":8}},"24":{"start":{"line":76,"column":8},"end":{"line":78,"column":9}},"25":{"start":{"line":77,"column":10},"end":{"line":77,"column":39}},"26":{"start":{"line":79,"column":8},"end":{"line":79,"column":53}},"27":{"start":{"line":82,"column":8},"end":{"line":82,"column":17}},"28":{"start":{"line":87,"column":15},"end":{"line":87,"column":29}},"29":{"start":{"line":88,"column":16},"end":{"line":88,"column":40}},"30":{"start":{"line":89,"column":4},"end":{"line":98,"column":8}},"31":{"start":{"line":91,"column":8},"end":{"line":93,"column":9}},"32":{"start":{"line":92,"column":10},"end":{"line":92,"column":42}},"33":{"start":{"line":94,"column":8},"end":{"line":94,"column":53}},"34":{"start":{"line":97,"column":8},"end":{"line":97,"column":17}},"35":{"start":{"line":102,"column":4},"end":{"line":102,"column":29}},"36":{"start":{"line":103,"column":15},"end":{"line":103,"column":29}},"37":{"start":{"line":104,"column":4},"end":{"line":110,"column":8}},"38":{"start":{"line":106,"column":8},"end":{"line":106,"column":36}},"39":{"start":{"line":109,"column":8},"end":{"line":109,"column":17}},"40":{"start":{"line":114,"column":0},"end":{"line":114,"column":34}}},"fnMap":{"0":{"name":"(anonymous_0)","decl":{"start":{"line":4,"column":2},"end":{"line":4,"column":3}},"loc":{"start":{"line":4,"column":33},"end":{"line":13,"column":3}},"line":4},"1":{"name":"(anonymous_1)","decl":{"start":{"line":7,"column":12},"end":{"line":7,"column":13}},"loc":{"start":{"line":7,"column":24},"end":{"line":9,"column":7}},"line":7},"2":{"name":"(anonymous_2)","decl":{"start":{"line":10,"column":13},"end":{"line":10,"column":14}},"loc":{"start":{"line":10,"column":20},"end":{"line":12,"column":7}},"line":10},"3":{"name":"(anonymous_3)","decl":{"start":{"line":15,"column":2},"end":{"line":15,"column":3}},"loc":{"start":{"line":15,"column":36},"end":{"line":35,"column":3}},"line":15},"4":{"name":"(anonymous_4)","decl":{"start":{"line":27,"column":12},"end":{"line":27,"column":13}},"loc":{"start":{"line":27,"column":22},"end":{"line":31,"column":7}},"line":27},"5":{"name":"(anonymous_5)","decl":{"start":{"line":32,"column":13},"end":{"line":32,"column":14}},"loc":{"start":{"line":32,"column":20},"end":{"line":34,"column":7}},"line":32},"6":{"name":"(anonymous_6)","decl":{"start":{"line":37,"column":2},"end":{"line":37,"column":3}},"loc":{"start":{"line":37,"column":39},"end":{"line":68,"column":3}},"line":37},"7":{"name":"(anonymous_7)","decl":{"start":{"line":46,"column":12},"end":{"line":46,"column":13}},"loc":{"start":{"line":46,"column":22},"end":{"line":64,"column":7}},"line":46},"8":{"name":"(anonymous_8)","decl":{"start":{"line":65,"column":13},"end":{"line":65,"column":14}},"loc":{"start":{"line":65,"column":20},"end":{"line":67,"column":7}},"line":65},"9":{"name":"(anonymous_9)","decl":{"start":{"line":70,"column":2},"end":{"line":70,"column":3}},"loc":{"start":{"line":70,"column":37},"end":{"line":84,"column":3}},"line":70},"10":{"name":"(anonymous_10)","decl":{"start":{"line":75,"column":12},"end":{"line":75,"column":13}},"loc":{"start":{"line":75,"column":22},"end":{"line":80,"column":7}},"line":75},"11":{"name":"(anonymous_11)","decl":{"start":{"line":81,"column":13},"end":{"line":81,"column":14}},"loc":{"start":{"line":81,"column":20},"end":{"line":83,"column":7}},"line":81},"12":{"name":"(anonymous_12)","decl":{"start":{"line":86,"column":2},"end":{"line":86,"column":3}},"loc":{"start":{"line":86,"column":39},"end":{"line":99,"column":3}},"line":86},"13":{"name":"(anonymous_13)","decl":{"start":{"line":90,"column":12},"end":{"line":90,"column":13}},"loc":{"start":{"line":90,"column":22},"end":{"line":95,"column":7}},"line":90},"14":{"name":"(anonymous_14)","decl":{"start":{"line":96,"column":13},"end":{"line":96,"column":14}},"loc":{"start":{"line":96,"column":20},"end":{"line":98,"column":7}},"line":96},"15":{"name":"(anonymous_15)","decl":{"start":{"line":101,"column":2},"end":{"line":101,"column":3}},"loc":{"start":{"line":101,"column":30},"end":{"line":111,"column":3}},"line":101},"16":{"name":"(anonymous_16)","decl":{"start":{"line":105,"column":12},"end":{"line":105,"column":13}},"loc":{"start":{"line":105,"column":22},"end":{"line":107,"column":7}},"line":105},"17":{"name":"(anonymous_17)","decl":{"start":{"line":108,"column":13},"end":{"line":108,"column":14}},"loc":{"start":{"line":108,"column":20},"end":{"line":110,"column":7}},"line":108}},"branchMap":{"0":{"loc":{"start":{"line":47,"column":8},"end":{"line":49,"column":9}},"type":"if","locations":[{"start":{"line":47,"column":8},"end":{"line":49,"column":9}},{"start":{"line":47,"column":8},"end":{"line":49,"column":9}}],"line":47},"1":{"loc":{"start":{"line":76,"column":8},"end":{"line":78,"column":9}},"type":"if","locations":[{"start":{"line":76,"column":8},"end":{"line":78,"column":9}},{"start":{"line":76,"column":8},"end":{"line":78,"column":9}}],"line":76},"2":{"loc":{"start":{"line":91,"column":8},"end":{"line":93,"column":9}},"type":"if","locations":[{"start":{"line":91,"column":8},"end":{"line":93,"column":9}},{"start":{"line":91,"column":8},"end":{"line":93,"column":9}}],"line":91}},"s":{"0":4,"1":1,"2":1,"3":1,"4":0,"5":13,"6":13,"7":13,"8":1,"9":12,"10":3,"11":3,"12":3,"13":3,"14":3,"15":3,"16":1,"17":3,"18":3,"19":0,"20":2,"21":2,"22":2,"23":2,"24":2,"25":1,"26":2,"27":0,"28":2,"29":2,"30":2,"31":2,"32":1,"33":1,"34":1,"35":2,"36":2,"37":2,"38":2,"39":0,"40":4},"f":{"0":1,"1":1,"2":0,"3":13,"4":1,"5":12,"6":3,"7":3,"8":0,"9":2,"10":2,"11":0,"12":2,"13":2,"14":1,"15":2,"16":2,"17":0},"b":{"0":[1,2],"1":[1,1],"2":[1,1]},"_coverageSchema":"1a1c01bbd47fc00a2c39e90264f33305004495a9","hash":"194558f8bca41e2ecf05e53320215a278cf47839"}
,"/home/fakhranakbar/Fase3/Warung-Q/warung-q-server/controllers/WarungController.js": {"path":"/home/fakhranakbar/Fase3/Warung-Q/warung-q-server/controllers/WarungController.js","statementMap":{"0":{"start":{"line":1,"column":19},"end":{"line":1,"column":39}},"1":{"start":{"line":5,"column":8},"end":{"line":21,"column":14}},"2":{"start":{"line":11,"column":16},"end":{"line":17,"column":17}},"3":{"start":{"line":12,"column":20},"end":{"line":12,"column":46}},"4":{"start":{"line":14,"column":20},"end":{"line":16,"column":22}},"5":{"start":{"line":20,"column":16},"end":{"line":20,"column":25}},"6":{"start":{"line":25,"column":8},"end":{"line":35,"column":14}},"7":{"start":{"line":31,"column":16},"end":{"line":31,"column":42}},"8":{"start":{"line":34,"column":16},"end":{"line":34,"column":25}},"9":{"start":{"line":39,"column":8},"end":{"line":55,"column":14}},"10":{"start":{"line":45,"column":16},"end":{"line":51,"column":17}},"11":{"start":{"line":46,"column":20},"end":{"line":46,"column":46}},"12":{"start":{"line":48,"column":20},"end":{"line":50,"column":22}},"13":{"start":{"line":54,"column":16},"end":{"line":54,"column":25}},"14":{"start":{"line":59,"column":8},"end":{"line":77,"column":14}},"15":{"start":{"line":69,"column":16},"end":{"line":73,"column":17}},"16":{"start":{"line":70,"column":20},"end":{"line":72,"column":22}},"17":{"start":{"line":76,"column":16},"end":{"line":76,"column":25}},"18":{"start":{"line":81,"column":8},"end":{"line":95,"column":14}},"19":{"start":{"line":87,"column":16},"end":{"line":91,"column":17}},"20":{"start":{"line":88,"column":20},"end":{"line":90,"column":22}},"21":{"start":{"line":94,"column":16},"end":{"line":94,"column":25}},"22":{"start":{"line":99,"column":0},"end":{"line":99,"column":33}}},"fnMap":{"0":{"name":"(anonymous_0)","decl":{"start":{"line":4,"column":4},"end":{"line":4,"column":5}},"loc":{"start":{"line":4,"column":35},"end":{"line":22,"column":5}},"line":4},"1":{"name":"(anonymous_1)","decl":{"start":{"line":10,"column":18},"end":{"line":10,"column":19}},"loc":{"start":{"line":10,"column":26},"end":{"line":18,"column":13}},"line":10},"2":{"name":"(anonymous_2)","decl":{"start":{"line":19,"column":19},"end":{"line":19,"column":20}},"loc":{"start":{"line":19,"column":26},"end":{"line":21,"column":13}},"line":19},"3":{"name":"(anonymous_3)","decl":{"start":{"line":24,"column":4},"end":{"line":24,"column":5}},"loc":{"start":{"line":24,"column":34},"end":{"line":36,"column":5}},"line":24},"4":{"name":"(anonymous_4)","decl":{"start":{"line":30,"column":18},"end":{"line":30,"column":19}},"loc":{"start":{"line":30,"column":26},"end":{"line":32,"column":13}},"line":30},"5":{"name":"(anonymous_5)","decl":{"start":{"line":33,"column":19},"end":{"line":33,"column":20}},"loc":{"start":{"line":33,"column":26},"end":{"line":35,"column":13}},"line":33},"6":{"name":"(anonymous_6)","decl":{"start":{"line":38,"column":4},"end":{"line":38,"column":5}},"loc":{"start":{"line":38,"column":35},"end":{"line":56,"column":5}},"line":38},"7":{"name":"(anonymous_7)","decl":{"start":{"line":44,"column":18},"end":{"line":44,"column":19}},"loc":{"start":{"line":44,"column":26},"end":{"line":52,"column":13}},"line":44},"8":{"name":"(anonymous_8)","decl":{"start":{"line":53,"column":19},"end":{"line":53,"column":20}},"loc":{"start":{"line":53,"column":26},"end":{"line":55,"column":13}},"line":53},"9":{"name":"(anonymous_9)","decl":{"start":{"line":58,"column":4},"end":{"line":58,"column":5}},"loc":{"start":{"line":58,"column":34},"end":{"line":78,"column":5}},"line":58},"10":{"name":"(anonymous_10)","decl":{"start":{"line":68,"column":18},"end":{"line":68,"column":19}},"loc":{"start":{"line":68,"column":26},"end":{"line":74,"column":13}},"line":68},"11":{"name":"(anonymous_11)","decl":{"start":{"line":75,"column":19},"end":{"line":75,"column":20}},"loc":{"start":{"line":75,"column":26},"end":{"line":77,"column":13}},"line":75},"12":{"name":"(anonymous_12)","decl":{"start":{"line":80,"column":4},"end":{"line":80,"column":5}},"loc":{"start":{"line":80,"column":35},"end":{"line":96,"column":5}},"line":80},"13":{"name":"(anonymous_13)","decl":{"start":{"line":86,"column":18},"end":{"line":86,"column":19}},"loc":{"start":{"line":86,"column":26},"end":{"line":92,"column":13}},"line":86},"14":{"name":"(anonymous_14)","decl":{"start":{"line":93,"column":19},"end":{"line":93,"column":20}},"loc":{"start":{"line":93,"column":26},"end":{"line":95,"column":13}},"line":93}},"branchMap":{"0":{"loc":{"start":{"line":11,"column":16},"end":{"line":17,"column":17}},"type":"if","locations":[{"start":{"line":11,"column":16},"end":{"line":17,"column":17}},{"start":{"line":11,"column":16},"end":{"line":17,"column":17}}],"line":11},"1":{"loc":{"start":{"line":45,"column":16},"end":{"line":51,"column":17}},"type":"if","locations":[{"start":{"line":45,"column":16},"end":{"line":51,"column":17}},{"start":{"line":45,"column":16},"end":{"line":51,"column":17}}],"line":45},"2":{"loc":{"start":{"line":69,"column":16},"end":{"line":73,"column":17}},"type":"if","locations":[{"start":{"line":69,"column":16},"end":{"line":73,"column":17}},{"start":{"line":69,"column":16},"end":{"line":73,"column":17}}],"line":69},"3":{"loc":{"start":{"line":87,"column":16},"end":{"line":91,"column":17}},"type":"if","locations":[{"start":{"line":87,"column":16},"end":{"line":91,"column":17}},{"start":{"line":87,"column":16},"end":{"line":91,"column":17}}],"line":87}},"s":{"0":4,"1":1,"2":1,"3":1,"4":0,"5":0,"6":2,"7":1,"8":1,"9":2,"10":2,"11":1,"12":1,"13":0,"14":2,"15":1,"16":1,"17":1,"18":1,"19":1,"20":1,"21":0,"22":4},"f":{"0":1,"1":1,"2":0,"3":2,"4":1,"5":1,"6":2,"7":2,"8":0,"9":2,"10":1,"11":1,"12":1,"13":1,"14":0},"b":{"0":[1,0],"1":[1,1],"2":[1,0],"3":[1,0]},"_coverageSchema":"1a1c01bbd47fc00a2c39e90264f33305004495a9","hash":"c66aef13e328225a1398c4e0a26da82bb5c264ec"}
,"/home/fakhranakbar/Fase3/Warung-Q/warung-q-server/helpers/bcrypt.js": {"path":"/home/fakhranakbar/Fase3/Warung-Q/warung-q-server/helpers/bcrypt.js","statementMap":{"0":{"start":{"line":1,"column":15},"end":{"line":1,"column":34}},"1":{"start":{"line":5,"column":19},"end":{"line":5,"column":41}},"2":{"start":{"line":6,"column":19},"end":{"line":6,"column":50}},"3":{"start":{"line":7,"column":8},"end":{"line":7,"column":19}},"4":{"start":{"line":11,"column":8},"end":{"line":11,"column":57}},"5":{"start":{"line":15,"column":0},"end":{"line":15,"column":27}}},"fnMap":{"0":{"name":"(anonymous_0)","decl":{"start":{"line":4,"column":4},"end":{"line":4,"column":5}},"loc":{"start":{"line":4,"column":26},"end":{"line":8,"column":5}},"line":4},"1":{"name":"(anonymous_1)","decl":{"start":{"line":10,"column":4},"end":{"line":10,"column":5}},"loc":{"start":{"line":10,"column":41},"end":{"line":12,"column":5}},"line":10}},"branchMap":{},"s":{"0":4,"1":5,"2":5,"3":5,"4":2,"5":4},"f":{"0":5,"1":2},"b":{},"_coverageSchema":"1a1c01bbd47fc00a2c39e90264f33305004495a9","hash":"23f70e963a5a50f9eba444d57417b16a0cee2a19"}
,"/home/fakhranakbar/Fase3/Warung-Q/warung-q-server/middlewares/authentication.js": {"path":"/home/fakhranakbar/Fase3/Warung-Q/warung-q-server/middlewares/authentication.js","statementMap":{"0":{"start":{"line":1,"column":12},"end":{"line":1,"column":35}},"1":{"start":{"line":2,"column":18},"end":{"line":2,"column":38}},"2":{"start":{"line":3,"column":20},"end":{"line":3,"column":42}},"3":{"start":{"line":5,"column":0},"end":{"line":34,"column":1}},"4":{"start":{"line":7,"column":4},"end":{"line":32,"column":5}},"5":{"start":{"line":8,"column":20},"end":{"line":8,"column":44}},"6":{"start":{"line":9,"column":20},"end":{"line":9,"column":50}},"7":{"start":{"line":10,"column":6},"end":{"line":29,"column":10}},"8":{"start":{"line":16,"column":10},"end":{"line":25,"column":11}},"9":{"start":{"line":17,"column":12},"end":{"line":17,"column":33}},"10":{"start":{"line":18,"column":12},"end":{"line":18,"column":18}},"11":{"start":{"line":20,"column":27},"end":{"line":23,"column":13}},"12":{"start":{"line":24,"column":12},"end":{"line":24,"column":42}},"13":{"start":{"line":28,"column":10},"end":{"line":28,"column":19}},"14":{"start":{"line":31,"column":6},"end":{"line":31,"column":15}}},"fnMap":{"0":{"name":"(anonymous_0)","decl":{"start":{"line":6,"column":18},"end":{"line":6,"column":19}},"loc":{"start":{"line":6,"column":38},"end":{"line":33,"column":3}},"line":6},"1":{"name":"(anonymous_1)","decl":{"start":{"line":15,"column":14},"end":{"line":15,"column":15}},"loc":{"start":{"line":15,"column":22},"end":{"line":26,"column":9}},"line":15},"2":{"name":"(anonymous_2)","decl":{"start":{"line":27,"column":15},"end":{"line":27,"column":16}},"loc":{"start":{"line":27,"column":22},"end":{"line":29,"column":9}},"line":27}},"branchMap":{"0":{"loc":{"start":{"line":16,"column":10},"end":{"line":25,"column":11}},"type":"if","locations":[{"start":{"line":16,"column":10},"end":{"line":25,"column":11}},{"start":{"line":16,"column":10},"end":{"line":25,"column":11}}],"line":16}},"s":{"0":4,"1":4,"2":4,"3":4,"4":9,"5":9,"6":9,"7":8,"8":8,"9":8,"10":8,"11":0,"12":0,"13":0,"14":1},"f":{"0":9,"1":8,"2":0},"b":{"0":[8,0]},"_coverageSchema":"1a1c01bbd47fc00a2c39e90264f33305004495a9","hash":"3c57d077935844fa77fa744f2d3a625099fe5c81"}
,"/home/fakhranakbar/Fase3/Warung-Q/warung-q-server/middlewares/authorization.js": {"path":"/home/fakhranakbar/Fase3/Warung-Q/warung-q-server/middlewares/authorization.js","statementMap":{"0":{"start":{"line":1,"column":19},"end":{"line":1,"column":39}},"1":{"start":{"line":3,"column":0},"end":{"line":31,"column":1}},"2":{"start":{"line":5,"column":4},"end":{"line":29,"column":5}},"3":{"start":{"line":6,"column":6},"end":{"line":26,"column":10}},"4":{"start":{"line":12,"column":10},"end":{"line":22,"column":11}},"5":{"start":{"line":13,"column":12},"end":{"line":21,"column":13}},"6":{"start":{"line":14,"column":14},"end":{"line":14,"column":20}},"7":{"start":{"line":16,"column":24},"end":{"line":19,"column":15}},"8":{"start":{"line":20,"column":14},"end":{"line":20,"column":23}},"9":{"start":{"line":25,"column":10},"end":{"line":25,"column":19}},"10":{"start":{"line":28,"column":6},"end":{"line":28,"column":15}}},"fnMap":{"0":{"name":"(anonymous_0)","decl":{"start":{"line":4,"column":13},"end":{"line":4,"column":14}},"loc":{"start":{"line":4,"column":33},"end":{"line":30,"column":3}},"line":4},"1":{"name":"(anonymous_1)","decl":{"start":{"line":11,"column":14},"end":{"line":11,"column":15}},"loc":{"start":{"line":11,"column":22},"end":{"line":23,"column":9}},"line":11},"2":{"name":"(anonymous_2)","decl":{"start":{"line":24,"column":15},"end":{"line":24,"column":16}},"loc":{"start":{"line":24,"column":22},"end":{"line":26,"column":9}},"line":24}},"branchMap":{"0":{"loc":{"start":{"line":12,"column":10},"end":{"line":22,"column":11}},"type":"if","locations":[{"start":{"line":12,"column":10},"end":{"line":22,"column":11}},{"start":{"line":12,"column":10},"end":{"line":22,"column":11}}],"line":12},"1":{"loc":{"start":{"line":13,"column":12},"end":{"line":21,"column":13}},"type":"if","locations":[{"start":{"line":13,"column":12},"end":{"line":21,"column":13}},{"start":{"line":13,"column":12},"end":{"line":21,"column":13}}],"line":13}},"s":{"0":4,"1":4,"2":3,"3":3,"4":3,"5":3,"6":3,"7":0,"8":0,"9":0,"10":0},"f":{"0":3,"1":3,"2":0},"b":{"0":[3,0],"1":[3,0]},"_coverageSchema":"1a1c01bbd47fc00a2c39e90264f33305004495a9","hash":"e38589ee2be167affbfd555889c8540e7a0d36ed"}
,"/home/fakhranakbar/Fase3/Warung-Q/warung-q-server/middlewares/errorHandler.js": {"path":"/home/fakhranakbar/Fase3/Warung-Q/warung-q-server/middlewares/errorHandler.js","statementMap":{"0":{"start":{"line":1,"column":0},"end":{"line":27,"column":1}},"1":{"start":{"line":2,"column":15},"end":{"line":2,"column":17}},"2":{"start":{"line":3,"column":15},"end":{"line":3,"column":18}},"3":{"start":{"line":4,"column":2},"end":{"line":26,"column":3}},"4":{"start":{"line":5,"column":4},"end":{"line":5,"column":16}},"5":{"start":{"line":6,"column":4},"end":{"line":6,"column":30}},"6":{"start":{"line":7,"column":4},"end":{"line":7,"column":52}},"7":{"start":{"line":7,"column":41},"end":{"line":7,"column":51}},"8":{"start":{"line":8,"column":4},"end":{"line":8,"column":35}},"9":{"start":{"line":9,"column":9},"end":{"line":26,"column":3}},"10":{"start":{"line":10,"column":4},"end":{"line":10,"column":16}},"11":{"start":{"line":11,"column":4},"end":{"line":11,"column":30}},"12":{"start":{"line":12,"column":4},"end":{"line":12,"column":50}},"13":{"start":{"line":13,"column":4},"end":{"line":13,"column":35}},"14":{"start":{"line":14,"column":9},"end":{"line":26,"column":3}},"15":{"start":{"line":15,"column":4},"end":{"line":15,"column":16}},"16":{"start":{"line":16,"column":4},"end":{"line":16,"column":32}},"17":{"start":{"line":17,"column":9},"end":{"line":26,"column":3}},"18":{"start":{"line":18,"column":4},"end":{"line":18,"column":16}},"19":{"start":{"line":19,"column":4},"end":{"line":19,"column":28}},"20":{"start":{"line":20,"column":4},"end":{"line":20,"column":36}},"21":{"start":{"line":21,"column":4},"end":{"line":21,"column":35}},"22":{"start":{"line":23,"column":4},"end":{"line":23,"column":40}},"23":{"start":{"line":24,"column":4},"end":{"line":24,"column":52}},"24":{"start":{"line":24,"column":41},"end":{"line":24,"column":51}},"25":{"start":{"line":25,"column":4},"end":{"line":25,"column":35}}},"fnMap":{"0":{"name":"(anonymous_0)","decl":{"start":{"line":1,"column":17},"end":{"line":1,"column":18}},"loc":{"start":{"line":1,"column":42},"end":{"line":27,"column":1}},"line":1},"1":{"name":"(anonymous_1)","decl":{"start":{"line":7,"column":35},"end":{"line":7,"column":36}},"loc":{"start":{"line":7,"column":41},"end":{"line":7,"column":51}},"line":7},"2":{"name":"(anonymous_2)","decl":{"start":{"line":24,"column":35},"end":{"line":24,"column":36}},"loc":{"start":{"line":24,"column":41},"end":{"line":24,"column":51}},"line":24}},"branchMap":{"0":{"loc":{"start":{"line":4,"column":2},"end":{"line":26,"column":3}},"type":"if","locations":[{"start":{"line":4,"column":2},"end":{"line":26,"column":3}},{"start":{"line":4,"column":2},"end":{"line":26,"column":3}}],"line":4},"1":{"loc":{"start":{"line":9,"column":9},"end":{"line":26,"column":3}},"type":"if","locations":[{"start":{"line":9,"column":9},"end":{"line":26,"column":3}},{"start":{"line":9,"column":9},"end":{"line":26,"column":3}}],"line":9},"2":{"loc":{"start":{"line":14,"column":9},"end":{"line":26,"column":3}},"type":"if","locations":[{"start":{"line":14,"column":9},"end":{"line":26,"column":3}},{"start":{"line":14,"column":9},"end":{"line":26,"column":3}}],"line":14},"3":{"loc":{"start":{"line":17,"column":9},"end":{"line":26,"column":3}},"type":"if","locations":[{"start":{"line":17,"column":9},"end":{"line":26,"column":3}},{"start":{"line":17,"column":9},"end":{"line":26,"column":3}}],"line":17}},"s":{"0":4,"1":24,"2":24,"3":24,"4":20,"5":20,"6":20,"7":22,"8":20,"9":4,"10":0,"11":0,"12":0,"13":0,"14":4,"15":2,"16":2,"17":2,"18":2,"19":2,"20":2,"21":2,"22":0,"23":0,"24":0,"25":0},"f":{"0":24,"1":22,"2":0},"b":{"0":[20,4],"1":[0,4],"2":[2,2],"3":[2,0]},"_coverageSchema":"1a1c01bbd47fc00a2c39e90264f33305004495a9","hash":"286cf60b2834866cbef93497bc00d23afc769da3"}
,"/home/fakhranakbar/Fase3/Warung-Q/warung-q-server/models/index.js": {"path":"/home/fakhranakbar/Fase3/Warung-Q/warung-q-server/models/index.js","statementMap":{"0":{"start":{"line":3,"column":11},"end":{"line":3,"column":24}},"1":{"start":{"line":4,"column":13},"end":{"line":4,"column":28}},"2":{"start":{"line":5,"column":18},"end":{"line":5,"column":38}},"3":{"start":{"line":6,"column":17},"end":{"line":6,"column":42}},"4":{"start":{"line":7,"column":12},"end":{"line":7,"column":49}},"5":{"start":{"line":8,"column":15},"end":{"line":8,"column":65}},"6":{"start":{"line":9,"column":11},"end":{"line":9,"column":13}},"7":{"start":{"line":12,"column":0},"end":{"line":16,"column":1}},"8":{"start":{"line":13,"column":2},"end":{"line":13,"column":74}},"9":{"start":{"line":15,"column":2},"end":{"line":15,"column":87}},"10":{"start":{"line":18,"column":0},"end":{"line":26,"column":5}},"11":{"start":{"line":21,"column":4},"end":{"line":21,"column":90}},"12":{"start":{"line":24,"column":18},"end":{"line":24,"column":65}},"13":{"start":{"line":25,"column":4},"end":{"line":25,"column":27}},"14":{"start":{"line":28,"column":0},"end":{"line":32,"column":3}},"15":{"start":{"line":29,"column":2},"end":{"line":31,"column":3}},"16":{"start":{"line":30,"column":4},"end":{"line":30,"column":32}},"17":{"start":{"line":34,"column":0},"end":{"line":34,"column":25}},"18":{"start":{"line":35,"column":0},"end":{"line":35,"column":25}},"19":{"start":{"line":37,"column":0},"end":{"line":37,"column":20}}},"fnMap":{"0":{"name":"(anonymous_0)","decl":{"start":{"line":20,"column":10},"end":{"line":20,"column":11}},"loc":{"start":{"line":20,"column":18},"end":{"line":22,"column":3}},"line":20},"1":{"name":"(anonymous_1)","decl":{"start":{"line":23,"column":11},"end":{"line":23,"column":12}},"loc":{"start":{"line":23,"column":19},"end":{"line":26,"column":3}},"line":23},"2":{"name":"(anonymous_2)","decl":{"start":{"line":28,"column":24},"end":{"line":28,"column":25}},"loc":{"start":{"line":28,"column":37},"end":{"line":32,"column":1}},"line":28}},"branchMap":{"0":{"loc":{"start":{"line":7,"column":12},"end":{"line":7,"column":49}},"type":"binary-expr","locations":[{"start":{"line":7,"column":12},"end":{"line":7,"column":32}},{"start":{"line":7,"column":36},"end":{"line":7,"column":49}}],"line":7},"1":{"loc":{"start":{"line":12,"column":0},"end":{"line":16,"column":1}},"type":"if","locations":[{"start":{"line":12,"column":0},"end":{"line":16,"column":1}},{"start":{"line":12,"column":0},"end":{"line":16,"column":1}}],"line":12},"2":{"loc":{"start":{"line":21,"column":11},"end":{"line":21,"column":89}},"type":"binary-expr","locations":[{"start":{"line":21,"column":12},"end":{"line":21,"column":35}},{"start":{"line":21,"column":41},"end":{"line":21,"column":58}},{"start":{"line":21,"column":64},"end":{"line":21,"column":88}}],"line":21},"3":{"loc":{"start":{"line":29,"column":2},"end":{"line":31,"column":3}},"type":"if","locations":[{"start":{"line":29,"column":2},"end":{"line":31,"column":3}},{"start":{"line":29,"column":2},"end":{"line":31,"column":3}}],"line":29}},"s":{"0":4,"1":4,"2":4,"3":4,"4":4,"5":4,"6":4,"7":4,"8":0,"9":4,"10":4,"11":20,"12":16,"13":16,"14":4,"15":16,"16":16,"17":4,"18":4,"19":4},"f":{"0":20,"1":16,"2":16},"b":{"0":[4,0],"1":[0,4],"2":[20,20,16],"3":[16,0]},"_coverageSchema":"1a1c01bbd47fc00a2c39e90264f33305004495a9","hash":"3e51c32a5fe7870b5e310e8475e63763ce5d86eb"}
,"/home/fakhranakbar/Fase3/Warung-Q/warung-q-server/models/manager.js": {"path":"/home/fakhranakbar/Fase3/Warung-Q/warung-q-server/models/manager.js","statementMap":{"0":{"start":{"line":2,"column":0},"end":{"line":53,"column":1}},"1":{"start":{"line":3,"column":17},"end":{"line":3,"column":45}},"2":{"start":{"line":8,"column":2},"end":{"line":51,"column":3}},"3":{"start":{"line":47,"column":10},"end":{"line":47,"column":52}},"4":{"start":{"line":52,"column":2},"end":{"line":52,"column":16}}},"fnMap":{"0":{"name":"(anonymous_0)","decl":{"start":{"line":2,"column":17},"end":{"line":2,"column":18}},"loc":{"start":{"line":2,"column":43},"end":{"line":53,"column":1}},"line":2},"1":{"name":"(anonymous_1)","decl":{"start":{"line":5,"column":4},"end":{"line":5,"column":5}},"loc":{"start":{"line":5,"column":29},"end":{"line":5,"column":31}},"line":5},"2":{"name":"(anonymous_2)","decl":{"start":{"line":46,"column":22},"end":{"line":46,"column":23}},"loc":{"start":{"line":46,"column":41},"end":{"line":48,"column":9}},"line":46}},"branchMap":{},"s":{"0":4,"1":4,"2":4,"3":2,"4":4},"f":{"0":4,"1":4,"2":2},"b":{},"_coverageSchema":"1a1c01bbd47fc00a2c39e90264f33305004495a9","hash":"9a092d6a46724eea99e3e29c2a7b856403191e2a"}
,"/home/fakhranakbar/Fase3/Warung-Q/warung-q-server/models/owner.js": {"path":"/home/fakhranakbar/Fase3/Warung-Q/warung-q-server/models/owner.js","statementMap":{"0":{"start":{"line":2,"column":0},"end":{"line":55,"column":2}},"1":{"start":{"line":3,"column":20},"end":{"line":3,"column":40}},"2":{"start":{"line":4,"column":17},"end":{"line":4,"column":45}},"3":{"start":{"line":8,"column":2},"end":{"line":48,"column":4}},"4":{"start":{"line":45,"column":8},"end":{"line":45,"column":50}},"5":{"start":{"line":50,"column":2},"end":{"line":53,"column":4}},"6":{"start":{"line":52,"column":4},"end":{"line":52,"column":32}},"7":{"start":{"line":54,"column":2},"end":{"line":54,"column":15}}},"fnMap":{"0":{"name":"(anonymous_0)","decl":{"start":{"line":2,"column":17},"end":{"line":2,"column":18}},"loc":{"start":{"line":2,"column":43},"end":{"line":55,"column":1}},"line":2},"1":{"name":"(anonymous_1)","decl":{"start":{"line":44,"column":20},"end":{"line":44,"column":21}},"loc":{"start":{"line":44,"column":39},"end":{"line":46,"column":7}},"line":44},"2":{"name":"(anonymous_2)","decl":{"start":{"line":50,"column":20},"end":{"line":50,"column":21}},"loc":{"start":{"line":50,"column":37},"end":{"line":53,"column":3}},"line":50}},"branchMap":{},"s":{"0":4,"1":4,"2":4,"3":4,"4":3,"5":4,"6":4,"7":4},"f":{"0":4,"1":3,"2":4},"b":{},"_coverageSchema":"1a1c01bbd47fc00a2c39e90264f33305004495a9","hash":"a707fcb4970010584d6b45fcb043c7393fe0b1a9"}
,"/home/fakhranakbar/Fase3/Warung-Q/warung-q-server/models/product.js": {"path":"/home/fakhranakbar/Fase3/Warung-Q/warung-q-server/models/product.js","statementMap":{"0":{"start":{"line":2,"column":0},"end":{"line":121,"column":1}},"1":{"start":{"line":7,"column":2},"end":{"line":119,"column":3}},"2":{"start":{"line":36,"column":12},"end":{"line":38,"column":13}},"3":{"start":{"line":37,"column":14},"end":{"line":37,"column":57}},"4":{"start":{"line":55,"column":12},"end":{"line":57,"column":13}},"5":{"start":{"line":56,"column":14},"end":{"line":56,"column":57}},"6":{"start":{"line":120,"column":2},"end":{"line":120,"column":16}}},"fnMap":{"0":{"name":"(anonymous_0)","decl":{"start":{"line":2,"column":17},"end":{"line":2,"column":18}},"loc":{"start":{"line":2,"column":43},"end":{"line":121,"column":1}},"line":2},"1":{"name":"(anonymous_1)","decl":{"start":{"line":4,"column":4},"end":{"line":4,"column":5}},"loc":{"start":{"line":4,"column":29},"end":{"line":4,"column":31}},"line":4},"2":{"name":"(anonymous_2)","decl":{"start":{"line":35,"column":10},"end":{"line":35,"column":11}},"loc":{"start":{"line":35,"column":33},"end":{"line":39,"column":11}},"line":35},"3":{"name":"(anonymous_3)","decl":{"start":{"line":54,"column":10},"end":{"line":54,"column":11}},"loc":{"start":{"line":54,"column":33},"end":{"line":58,"column":11}},"line":54}},"branchMap":{"0":{"loc":{"start":{"line":36,"column":12},"end":{"line":38,"column":13}},"type":"if","locations":[{"start":{"line":36,"column":12},"end":{"line":38,"column":13}},{"start":{"line":36,"column":12},"end":{"line":38,"column":13}}],"line":36},"1":{"loc":{"start":{"line":55,"column":12},"end":{"line":57,"column":13}},"type":"if","locations":[{"start":{"line":55,"column":12},"end":{"line":57,"column":13}},{"start":{"line":55,"column":12},"end":{"line":57,"column":13}}],"line":55}},"s":{"0":4,"1":4,"2":25,"3":1,"4":27,"5":1,"6":4},"f":{"0":4,"1":4,"2":25,"3":27},"b":{"0":[1,24],"1":[1,26]},"_coverageSchema":"1a1c01bbd47fc00a2c39e90264f33305004495a9","hash":"2f3e4f72606ec3820de1ff50c06c64a39a10aa31"}
,"/home/fakhranakbar/Fase3/Warung-Q/warung-q-server/models/warung.js": {"path":"/home/fakhranakbar/Fase3/Warung-Q/warung-q-server/models/warung.js","statementMap":{"0":{"start":{"line":2,"column":0},"end":{"line":38,"column":2}},"1":{"start":{"line":3,"column":20},"end":{"line":3,"column":40}},"2":{"start":{"line":7,"column":2},"end":{"line":30,"column":4}},"3":{"start":{"line":32,"column":2},"end":{"line":36,"column":4}},"4":{"start":{"line":34,"column":4},"end":{"line":34,"column":34}},"5":{"start":{"line":37,"column":2},"end":{"line":37,"column":16}}},"fnMap":{"0":{"name":"(anonymous_0)","decl":{"start":{"line":2,"column":17},"end":{"line":2,"column":18}},"loc":{"start":{"line":2,"column":43},"end":{"line":38,"column":1}},"line":2},"1":{"name":"(anonymous_1)","decl":{"start":{"line":32,"column":21},"end":{"line":32,"column":22}},"loc":{"start":{"line":32,"column":38},"end":{"line":36,"column":3}},"line":32}},"branchMap":{},"s":{"0":4,"1":4,"2":4,"3":4,"4":4,"5":4},"f":{"0":4,"1":4},"b":{},"_coverageSchema":"1a1c01bbd47fc00a2c39e90264f33305004495a9","hash":"21c505b7c758023d468913bbc5fa211d38eb509c"}
,"/home/fakhranakbar/Fase3/Warung-Q/warung-q-server/router/index.js": {"path":"/home/fakhranakbar/Fase3/Warung-Q/warung-q-server/router/index.js","statementMap":{"0":{"start":{"line":1,"column":15},"end":{"line":1,"column":42}},"1":{"start":{"line":2,"column":20},"end":{"line":2,"column":38}},"2":{"start":{"line":3,"column":23},"end":{"line":3,"column":44}},"3":{"start":{"line":4,"column":22},"end":{"line":4,"column":42}},"4":{"start":{"line":5,"column":21},"end":{"line":5,"column":40}},"5":{"start":{"line":7,"column":0},"end":{"line":7,"column":33}},"6":{"start":{"line":8,"column":0},"end":{"line":8,"column":37}},"7":{"start":{"line":9,"column":0},"end":{"line":9,"column":39}},"8":{"start":{"line":10,"column":0},"end":{"line":10,"column":35}},"9":{"start":{"line":11,"column":0},"end":{"line":11,"column":23}}},"fnMap":{},"branchMap":{},"s":{"0":4,"1":4,"2":4,"3":4,"4":4,"5":4,"6":4,"7":4,"8":4,"9":4},"f":{},"b":{},"_coverageSchema":"1a1c01bbd47fc00a2c39e90264f33305004495a9","hash":"c85ec0ced098c53ad03eb9a39f62645f2777f826"}
,"/home/fakhranakbar/Fase3/Warung-Q/warung-q-server/router/manager.js": {"path":"/home/fakhranakbar/Fase3/Warung-Q/warung-q-server/router/manager.js","statementMap":{"0":{"start":{"line":1,"column":15},"end":{"line":1,"column":42}},"1":{"start":{"line":2,"column":26},"end":{"line":2,"column":69}},"2":{"start":{"line":4,"column":0},"end":{"line":4,"column":52}},"3":{"start":{"line":6,"column":0},"end":{"line":6,"column":46}},"4":{"start":{"line":8,"column":0},"end":{"line":8,"column":23}}},"fnMap":{},"branchMap":{},"s":{"0":4,"1":4,"2":4,"3":4,"4":4},"f":{},"b":{},"_coverageSchema":"1a1c01bbd47fc00a2c39e90264f33305004495a9","hash":"4e617360100051d97a35b8fb6dd4d35503bf7503"}
,"/home/fakhranakbar/Fase3/Warung-Q/warung-q-server/router/owner.js": {"path":"/home/fakhranakbar/Fase3/Warung-Q/warung-q-server/router/owner.js","statementMap":{"0":{"start":{"line":1,"column":15},"end":{"line":1,"column":42}},"1":{"start":{"line":2,"column":24},"end":{"line":2,"column":65}},"2":{"start":{"line":4,"column":0},"end":{"line":4,"column":50}},"3":{"start":{"line":6,"column":0},"end":{"line":6,"column":44}},"4":{"start":{"line":8,"column":0},"end":{"line":8,"column":23}}},"fnMap":{},"branchMap":{},"s":{"0":4,"1":4,"2":4,"3":4,"4":4},"f":{},"b":{},"_coverageSchema":"1a1c01bbd47fc00a2c39e90264f33305004495a9","hash":"1868688633ccc9b22bcde6edb34078031cada020"}
,"/home/fakhranakbar/Fase3/Warung-Q/warung-q-server/router/products.js": {"path":"/home/fakhranakbar/Fase3/Warung-Q/warung-q-server/router/products.js","statementMap":{"0":{"start":{"line":1,"column":15},"end":{"line":1,"column":42}},"1":{"start":{"line":2,"column":26},"end":{"line":2,"column":69}},"2":{"start":{"line":4,"column":0},"end":{"line":4,"column":42}},"3":{"start":{"line":5,"column":0},"end":{"line":5,"column":46}},"4":{"start":{"line":6,"column":0},"end":{"line":6,"column":42}},"5":{"start":{"line":7,"column":0},"end":{"line":7,"column":51}},"6":{"start":{"line":8,"column":0},"end":{"line":8,"column":51}},"7":{"start":{"line":9,"column":0},"end":{"line":9,"column":54}},"8":{"start":{"line":11,"column":0},"end":{"line":11,"column":23}}},"fnMap":{},"branchMap":{},"s":{"0":4,"1":4,"2":4,"3":4,"4":4,"5":4,"6":4,"7":4,"8":4},"f":{},"b":{},"_coverageSchema":"1a1c01bbd47fc00a2c39e90264f33305004495a9","hash":"90a61526f28a4c5973ec957cfd91baa77cc70134"}
,"/home/fakhranakbar/Fase3/Warung-Q/warung-q-server/router/warung.js": {"path":"/home/fakhranakbar/Fase3/Warung-Q/warung-q-server/router/warung.js","statementMap":{"0":{"start":{"line":1,"column":15},"end":{"line":1,"column":42}},"1":{"start":{"line":2,"column":25},"end":{"line":2,"column":67}},"2":{"start":{"line":3,"column":27},"end":{"line":3,"column":67}},"3":{"start":{"line":4,"column":22},"end":{"line":4,"column":61}},"4":{"start":{"line":6,"column":0},"end":{"line":6,"column":26}},"5":{"start":{"line":8,"column":0},"end":{"line":8,"column":41}},"6":{"start":{"line":10,"column":0},"end":{"line":10,"column":44}},"7":{"start":{"line":12,"column":0},"end":{"line":12,"column":49}},"8":{"start":{"line":14,"column":0},"end":{"line":14,"column":59}},"9":{"start":{"line":16,"column":0},"end":{"line":16,"column":65}},"10":{"start":{"line":18,"column":0},"end":{"line":18,"column":23}}},"fnMap":{},"branchMap":{},"s":{"0":4,"1":4,"2":4,"3":4,"4":4,"5":4,"6":4,"7":4,"8":4,"9":4,"10":4},"f":{},"b":{},"_coverageSchema":"1a1c01bbd47fc00a2c39e90264f33305004495a9","hash":"b3aef27f09dd03ee7d3262cb70d17f30bfeba9d0"}
}
