TN:
SF:app.js
FNF:0
FNH:0
DA:1,4
DA:2,4
DA:4,4
DA:5,4
DA:6,4
DA:7,4
DA:8,4
DA:9,4
DA:10,4
DA:11,4
DA:13,4
DA:15,4
DA:17,4
LF:13
LH:13
BRDA:1,0,0,4
BRDA:1,0,1,0
BRDA:1,1,0,4
BRDA:1,1,1,4
BRF:4
BRH:3
end_of_record
TN:
SF:controllers/ManagerController.js
FN:7,(anonymous_0)
FN:13,(anonymous_1)
FN:16,(anonymous_2)
FN:22,(anonymous_3)
FN:28,(anonymous_4)
FN:60,(anonymous_5)
FNF:6
FNH:5
FNDA:3,(anonymous_0)
FNDA:1,(anonymous_1)
FNDA:2,(anonymous_2)
FNDA:2,(anonymous_3)
FNDA:2,(anonymous_4)
FNDA:0,(anonymous_5)
DA:1,4
DA:2,4
DA:3,4
DA:4,4
DA:8,3
DA:14,1
DA:18,2
DA:23,2
DA:29,2
DA:30,1
DA:31,1
DA:32,1
DA:36,1
DA:43,1
DA:48,0
DA:54,1
DA:61,0
DA:66,4
LF:18
LH:16
BRDA:29,0,0,1
BRDA:29,0,1,1
BRDA:31,1,0,1
BRDA:31,1,1,0
BRF:4
BRH:3
end_of_record
TN:
SF:controllers/OwnerController.js
FN:7,(anonymous_0)
FN:13,(anonymous_1)
FN:16,(anonymous_2)
FN:22,(anonymous_3)
FN:28,(anonymous_4)
FN:60,(anonymous_5)
FNF:6
FNH:5
FNDA:5,(anonymous_0)
FNDA:1,(anonymous_1)
FNDA:4,(anonymous_2)
FNDA:2,(anonymous_3)
FNDA:2,(anonymous_4)
FNDA:0,(anonymous_5)
DA:1,4
DA:2,4
DA:3,4
DA:4,4
DA:8,5
DA:14,1
DA:18,4
DA:23,2
DA:29,2
DA:30,1
DA:31,1
DA:32,1
DA:36,1
DA:43,1
DA:48,0
DA:54,1
DA:61,0
DA:62,0
DA:70,4
LF:19
LH:16
BRDA:29,0,0,1
BRDA:29,0,1,1
BRDA:31,1,0,1
BRDA:31,1,1,0
BRF:4
BRH:3
end_of_record
TN:
SF:controllers/ProductController.js
FN:4,(anonymous_0)
FN:7,(anonymous_1)
FN:10,(anonymous_2)
FN:15,(anonymous_3)
FN:27,(anonymous_4)
FN:32,(anonymous_5)
FN:37,(anonymous_6)
FN:46,(anonymous_7)
FN:65,(anonymous_8)
FN:70,(anonymous_9)
FN:75,(anonymous_10)
FN:81,(anonymous_11)
FN:86,(anonymous_12)
FN:90,(anonymous_13)
FN:96,(anonymous_14)
FN:101,(anonymous_15)
FN:105,(anonymous_16)
FN:108,(anonymous_17)
FNF:18
FNH:14
FNDA:1,(anonymous_0)
FNDA:1,(anonymous_1)
FNDA:0,(anonymous_2)
FNDA:13,(anonymous_3)
FNDA:1,(anonymous_4)
FNDA:12,(anonymous_5)
FNDA:3,(anonymous_6)
FNDA:3,(anonymous_7)
FNDA:0,(anonymous_8)
FNDA:2,(anonymous_9)
FNDA:2,(anonymous_10)
FNDA:0,(anonymous_11)
FNDA:2,(anonymous_12)
FNDA:2,(anonymous_13)
FNDA:1,(anonymous_14)
FNDA:2,(anonymous_15)
FNDA:2,(anonymous_16)
FNDA:0,(anonymous_17)
DA:1,4
DA:5,1
DA:6,1
DA:8,1
DA:11,0
DA:16,13
DA:17,13
DA:18,13
DA:28,1
DA:33,12
DA:38,3
DA:39,3
DA:40,3
DA:41,3
DA:42,3
DA:47,3
DA:48,1
DA:50,3
DA:59,3
DA:66,0
DA:71,2
DA:72,2
DA:73,2
DA:74,2
DA:76,2
DA:77,1
DA:79,2
DA:82,0
DA:87,2
DA:88,2
DA:89,2
DA:91,2
DA:92,1
DA:94,1
DA:97,1
DA:102,2
DA:103,2
DA:104,2
DA:106,2
DA:109,0
DA:114,4
LF:41
LH:37
BRDA:47,0,0,1
BRDA:47,0,1,2
BRDA:76,1,0,1
BRDA:76,1,1,1
BRDA:91,2,0,1
BRDA:91,2,1,1
BRF:6
BRH:6
end_of_record
TN:
SF:controllers/WarungController.js
FN:4,(anonymous_0)
FN:10,(anonymous_1)
FN:19,(anonymous_2)
FN:24,(anonymous_3)
FN:30,(anonymous_4)
FN:33,(anonymous_5)
FN:38,(anonymous_6)
FN:44,(anonymous_7)
FN:53,(anonymous_8)
FN:58,(anonymous_9)
FN:68,(anonymous_10)
FN:75,(anonymous_11)
FN:80,(anonymous_12)
FN:86,(anonymous_13)
FN:93,(anonymous_14)
FNF:15
FNH:12
FNDA:1,(anonymous_0)
FNDA:1,(anonymous_1)
FNDA:0,(anonymous_2)
FNDA:2,(anonymous_3)
FNDA:1,(anonymous_4)
FNDA:1,(anonymous_5)
FNDA:2,(anonymous_6)
FNDA:2,(anonymous_7)
FNDA:0,(anonymous_8)
FNDA:2,(anonymous_9)
FNDA:1,(anonymous_10)
FNDA:1,(anonymous_11)
FNDA:1,(anonymous_12)
FNDA:1,(anonymous_13)
FNDA:0,(anonymous_14)
DA:1,4
DA:5,1
DA:11,1
DA:12,1
DA:14,0
DA:20,0
DA:25,2
DA:31,1
DA:34,1
DA:39,2
DA:45,2
DA:46,1
DA:48,1
DA:54,0
DA:59,2
DA:69,1
DA:70,1
DA:76,1
DA:81,1
DA:87,1
DA:88,1
DA:94,0
DA:99,4
LF:23
LH:19
BRDA:11,0,0,1
BRDA:11,0,1,0
BRDA:45,1,0,1
BRDA:45,1,1,1
BRDA:69,2,0,1
BRDA:69,2,1,0
BRDA:87,3,0,1
BRDA:87,3,1,0
BRF:8
BRH:5
end_of_record
TN:
SF:helpers/bcrypt.js
FN:4,(anonymous_0)
FN:10,(anonymous_1)
FNF:2
FNH:2
FNDA:5,(anonymous_0)
FNDA:2,(anonymous_1)
DA:1,4
DA:5,5
DA:6,5
DA:7,5
DA:11,2
DA:15,4
LF:6
LH:6
BRF:0
BRH:0
end_of_record
TN:
SF:middlewares/authentication.js
FN:6,(anonymous_0)
FN:15,(anonymous_1)
FN:27,(anonymous_2)
FNF:3
FNH:2
FNDA:9,(anonymous_0)
FNDA:8,(anonymous_1)
FNDA:0,(anonymous_2)
DA:1,4
DA:2,4
DA:3,4
DA:5,4
DA:7,9
DA:8,9
DA:9,9
DA:10,8
DA:16,8
DA:17,8
DA:18,8
DA:20,0
DA:24,0
DA:28,0
DA:31,1
LF:15
LH:12
BRDA:16,0,0,8
BRDA:16,0,1,0
BRF:2
BRH:1
end_of_record
TN:
SF:middlewares/authorization.js
FN:4,(anonymous_0)
FN:11,(anonymous_1)
FN:24,(anonymous_2)
FNF:3
FNH:2
FNDA:3,(anonymous_0)
FNDA:3,(anonymous_1)
FNDA:0,(anonymous_2)
DA:1,4
DA:3,4
DA:5,3
DA:6,3
DA:12,3
DA:13,3
DA:14,3
DA:16,0
DA:20,0
DA:25,0
DA:28,0
LF:11
LH:7
BRDA:12,0,0,3
BRDA:12,0,1,0
BRDA:13,1,0,3
BRDA:13,1,1,0
BRF:4
BRH:2
end_of_record
TN:
SF:middlewares/errorHandler.js
FN:1,(anonymous_0)
FN:7,(anonymous_1)
FN:24,(anonymous_2)
FNF:3
FNH:2
FNDA:24,(anonymous_0)
FNDA:22,(anonymous_1)
FNDA:0,(anonymous_2)
DA:1,4
DA:2,24
DA:3,24
DA:4,24
DA:5,20
DA:6,20
DA:7,22
DA:8,20
DA:9,4
DA:10,0
DA:11,0
DA:12,0
DA:13,0
DA:14,4
DA:15,2
DA:16,2
DA:17,2
DA:18,2
DA:19,2
DA:20,2
DA:21,2
DA:23,0
DA:24,0
DA:25,0
LF:24
LH:17
BRDA:4,0,0,20
BRDA:4,0,1,4
BRDA:9,1,0,0
BRDA:9,1,1,4
BRDA:14,2,0,2
BRDA:14,2,1,2
BRDA:17,3,0,2
BRDA:17,3,1,0
BRF:8
BRH:6
end_of_record
TN:
SF:models/index.js
FN:20,(anonymous_0)
FN:23,(anonymous_1)
FN:28,(anonymous_2)
FNF:3
FNH:3
FNDA:20,(anonymous_0)
FNDA:16,(anonymous_1)
FNDA:16,(anonymous_2)
DA:3,4
DA:4,4
DA:5,4
DA:6,4
DA:7,4
DA:8,4
DA:9,4
DA:12,4
DA:13,0
DA:15,4
DA:18,4
DA:21,20
DA:24,16
DA:25,16
DA:28,4
DA:29,16
DA:30,16
DA:34,4
DA:35,4
DA:37,4
LF:20
LH:19
BRDA:7,0,0,4
BRDA:7,0,1,0
BRDA:12,1,0,0
BRDA:12,1,1,4
BRDA:21,2,0,20
BRDA:21,2,1,20
BRDA:21,2,2,16
BRDA:29,3,0,16
BRDA:29,3,1,0
BRF:9
BRH:6
end_of_record
TN:
SF:models/manager.js
FN:2,(anonymous_0)
FN:5,(anonymous_1)
FN:46,(anonymous_2)
FNF:3
FNH:3
FNDA:4,(anonymous_0)
FNDA:4,(anonymous_1)
FNDA:2,(anonymous_2)
DA:2,4
DA:3,4
DA:8,4
DA:47,2
DA:52,4
LF:5
LH:5
BRF:0
BRH:0
end_of_record
TN:
SF:models/owner.js
FN:2,(anonymous_0)
FN:44,(anonymous_1)
FN:50,(anonymous_2)
FNF:3
FNH:3
FNDA:4,(anonymous_0)
FNDA:3,(anonymous_1)
FNDA:4,(anonymous_2)
DA:2,4
DA:3,4
DA:4,4
DA:8,4
DA:45,3
DA:50,4
DA:52,4
DA:54,4
LF:8
LH:8
BRF:0
BRH:0
end_of_record
TN:
SF:models/product.js
FN:2,(anonymous_0)
FN:4,(anonymous_1)
FN:35,(anonymous_2)
FN:54,(anonymous_3)
FNF:4
FNH:4
FNDA:4,(anonymous_0)
FNDA:4,(anonymous_1)
FNDA:25,(anonymous_2)
FNDA:27,(anonymous_3)
DA:2,4
DA:7,4
DA:36,25
DA:37,1
DA:55,27
DA:56,1
DA:120,4
LF:7
LH:7
BRDA:36,0,0,1
BRDA:36,0,1,24
BRDA:55,1,0,1
BRDA:55,1,1,26
BRF:4
BRH:4
end_of_record
TN:
SF:models/warung.js
FN:2,(anonymous_0)
FN:32,(anonymous_1)
FNF:2
FNH:2
FNDA:4,(anonymous_0)
FNDA:4,(anonymous_1)
DA:2,4
DA:3,4
DA:7,4
DA:32,4
DA:34,4
DA:37,4
LF:6
LH:6
BRF:0
BRH:0
end_of_record
TN:
SF:router/index.js
FNF:0
FNH:0
DA:1,4
DA:2,4
DA:3,4
DA:4,4
DA:5,4
DA:7,4
DA:8,4
DA:9,4
DA:10,4
DA:11,4
LF:10
LH:10
BRF:0
BRH:0
end_of_record
TN:
SF:router/manager.js
FNF:0
FNH:0
DA:1,4
DA:2,4
DA:4,4
DA:6,4
DA:8,4
LF:5
LH:5
BRF:0
BRH:0
end_of_record
TN:
SF:router/owner.js
FNF:0
FNH:0
DA:1,4
DA:2,4
DA:4,4
DA:6,4
DA:8,4
LF:5
LH:5
BRF:0
BRH:0
end_of_record
TN:
SF:router/products.js
FNF:0
FNH:0
DA:1,4
DA:2,4
DA:4,4
DA:5,4
DA:6,4
DA:7,4
DA:8,4
DA:9,4
DA:11,4
LF:9
LH:9
BRF:0
BRH:0
end_of_record
TN:
SF:router/warung.js
FNF:0
FNH:0
DA:1,4
DA:2,4
DA:3,4
DA:4,4
DA:6,4
DA:8,4
DA:10,4
DA:12,4
DA:14,4
DA:16,4
DA:18,4
LF:11
LH:11
BRF:0
BRH:0
end_of_record
